SF:lib\screens\login\forgot_password.dart
DA:7,2
DA:9,1
DA:10,1
DA:17,1
DA:20,1
DA:21,2
DA:22,0
DA:23,0
DA:28,1
DA:31,1
DA:32,2
DA:35,0
DA:38,0
DA:39,0
DA:40,0
DA:42,0
DA:43,0
DA:44,0
DA:45,0
DA:51,1
DA:53,0
DA:54,0
DA:56,1
DA:60,0
DA:61,0
DA:62,0
DA:64,0
DA:65,0
DA:67,0
DA:69,0
DA:71,0
DA:73,0
DA:74,0
DA:75,0
DA:77,0
DA:78,0
DA:79,0
DA:80,0
DA:81,0
DA:82,0
DA:84,0
DA:85,0
DA:87,0
DA:88,0
DA:95,0
DA:98,0
DA:99,0
DA:103,0
DA:104,0
DA:105,0
DA:106,0
DA:107,0
DA:110,0
DA:111,0
LF:54
LH:11
end_of_record
SF:lib\main.dart
DA:14,0
DA:15,0
DA:16,0
DA:17,0
DA:21,2
DA:23,1
DA:24,1
DA:26,0
DA:27,0
DA:28,0
DA:35,1
DA:36,2
DA:37,1
DA:41,1
DA:43,4
DA:44,1
DA:47,1
DA:49,1
DA:50,1
DA:51,3
DA:53,1
DA:56,1
DA:62,1
DA:69,1
DA:71,1
DA:72,1
DA:76,1
DA:78,1
DA:80,2
DA:83,0
DA:85,0
DA:86,0
DA:89,1
DA:91,1
DA:92,1
DA:93,1
DA:102,1
DA:103,1
DA:104,3
DA:109,1
DA:111,1
DA:112,1
DA:116,1
DA:118,1
DA:122,1
DA:124,2
DA:125,1
DA:128,1
DA:130,1
DA:131,1
DA:132,2
DA:133,1
DA:134,2
DA:136,1
DA:138,1
DA:140,1
DA:141,0
DA:142,0
DA:147,2
LF:59
LH:47
end_of_record
SF:lib\resources\language_controller.dart
DA:11,0
DA:12,0
DA:13,0
DA:14,0
DA:17,1
DA:18,1
DA:19,1
DA:20,1
DA:23,1
DA:25,1
DA:27,0
DA:34,1
DA:35,1
LF:13
LH:8
end_of_record
SF:lib\resources\user_provider.dart
DA:9,2
DA:11,1
DA:12,2
DA:13,1
DA:14,1
LF:5
LH:5
end_of_record
SF:lib\screens\main_ui\navigator.dart
DA:8,3
DA:10,1
DA:11,1
DA:18,1
DA:20,1
DA:21,2
DA:22,1
DA:25,1
DA:27,2
DA:28,1
DA:31,1
DA:33,1
DA:34,2
DA:37,0
DA:38,0
DA:39,0
DA:43,0
DA:45,0
DA:48,1
DA:51,1
DA:52,1
DA:53,1
DA:54,1
DA:56,1
DA:71,1
DA:73,1
DA:126,1
DA:127,1
DA:129,3
DA:131,1
DA:134,1
DA:137,1
DA:138,3
DA:145,1
DA:147,1
LF:35
LH:30
end_of_record
SF:lib\screens\start.dart
DA:9,2
DA:11,1
DA:12,1
DA:17,1
DA:19,1
DA:21,1
DA:22,1
DA:24,1
DA:25,1
DA:27,1
DA:29,2
DA:30,1
DA:32,1
DA:34,2
DA:45,1
DA:46,1
DA:47,4
DA:50,1
DA:51,1
DA:53,4
DA:55,1
DA:57,4
DA:60,0
DA:61,0
DA:63,0
DA:68,1
DA:69,1
DA:70,1
DA:71,1
DA:77,1
DA:81,1
DA:82,1
DA:83,1
DA:84,1
DA:85,2
DA:88,1
DA:89,3
DA:94,1
DA:96,1
DA:97,3
DA:100,1
DA:101,1
DA:102,1
DA:103,2
LF:44
LH:41
end_of_record
SF:lib\models\post.dart
DA:13,0
DA:24,0
DA:25,0
DA:27,0
DA:28,0
DA:29,0
DA:30,0
DA:31,0
DA:32,0
DA:33,0
DA:34,0
DA:35,0
DA:39,0
DA:40,0
DA:41,0
DA:42,0
DA:43,0
DA:44,0
DA:45,0
DA:46,0
DA:47,0
LF:21
LH:0
end_of_record
SF:lib\models\user.dart
DA:12,1
DA:21,1
DA:22,1
DA:24,1
DA:25,1
DA:26,1
DA:27,1
DA:28,1
DA:29,1
DA:30,1
DA:31,1
DA:35,0
DA:36,0
DA:37,0
DA:38,0
DA:39,0
DA:40,0
DA:41,0
DA:42,0
LF:19
LH:11
end_of_record
SF:lib\resources\auth_methods.dart
DA:13,1
DA:14,2
DA:17,5
DA:19,1
DA:24,0
DA:33,0
DA:38,0
DA:40,0
DA:42,0
DA:46,0
DA:47,0
DA:51,0
DA:52,0
DA:53,0
DA:54,0
DA:57,0
DA:58,0
DA:66,1
DA:73,2
DA:78,1
DA:79,2
DA:81,2
DA:83,2
DA:90,1
DA:91,2
LF:25
LH:12
end_of_record
SF:lib\resources\storage_methods.dart
DA:12,0
DA:16,0
DA:18,0
DA:19,0
DA:22,0
DA:27,0
LF:6
LH:0
end_of_record
SF:lib\resources\post_methods.dart
DA:11,0
DA:17,0
DA:18,0
DA:19,0
DA:23,0
DA:25,0
DA:29,0
DA:32,0
LF:8
LH:0
end_of_record
SF:lib\resources\utils.dart
DA:7,0
DA:8,0
DA:9,0
DA:11,0
DA:15,0
DA:17,0
DA:20,0
DA:23,1
DA:24,1
DA:26,1
DA:32,2
LF:11
LH:4
end_of_record
SF:lib\screens\login\login.dart
DA:15,3
DA:17,1
DA:18,1
DA:28,1
DA:30,1
DA:31,3
DA:32,2
DA:33,4
DA:36,3
DA:37,2
DA:38,4
DA:43,1
DA:45,1
DA:46,2
DA:47,2
DA:50,1
DA:52,2
DA:53,1
DA:56,1
DA:57,1
DA:58,1
DA:59,5
DA:60,1
DA:61,1
DA:62,1
DA:63,1
DA:64,1
DA:65,2
DA:67,1
DA:69,1
DA:70,1
DA:71,1
DA:72,3
DA:73,1
DA:74,0
DA:75,0
DA:76,1
DA:77,1
DA:78,3
DA:80,1
DA:81,2
DA:85,1
DA:87,1
DA:89,1
DA:90,1
DA:92,1
DA:93,1
DA:95,1
DA:97,2
DA:98,1
DA:100,1
DA:102,2
DA:104,1
DA:106,1
DA:114,1
DA:115,1
DA:116,4
DA:119,1
DA:120,1
DA:122,4
DA:124,1
DA:126,4
DA:129,0
DA:130,0
DA:131,0
DA:138,1
DA:139,1
DA:140,1
DA:141,1
DA:147,1
DA:149,1
DA:150,1
DA:151,3
DA:152,1
DA:153,2
DA:155,1
DA:156,2
DA:158,1
DA:159,2
DA:166,1
DA:168,1
DA:169,1
DA:170,1
DA:171,3
DA:172,1
DA:173,2
DA:175,1
DA:176,2
DA:178,1
DA:179,2
DA:182,1
DA:183,1
DA:184,1
DA:185,1
DA:186,0
DA:187,0
DA:188,0
DA:196,1
DA:199,1
DA:201,1
DA:205,2
DA:206,1
DA:207,1
DA:210,1
DA:211,1
DA:212,3
DA:220,1
DA:222,1
DA:223,3
DA:227,1
DA:228,1
DA:229,3
DA:232,1
DA:233,1
DA:234,0
DA:241,1
DA:242,1
DA:244,4
DA:249,1
DA:251,1
DA:253,1
DA:254,3
DA:263,1
DA:264,1
DA:265,1
DA:266,3
DA:270,1
DA:271,1
DA:272,3
DA:275,1
DA:276,1
DA:277,0
DA:278,0
DA:279,0
DA:280,0
LF:135
LH:122
end_of_record
SF:lib\screens\sign_up\sign_up_options.dart
DA:10,2
DA:12,1
DA:13,1
DA:17,1
DA:19,1
DA:21,1
DA:22,1
DA:24,1
DA:25,1
DA:27,1
DA:29,2
DA:30,1
DA:32,1
DA:34,2
DA:36,1
DA:38,1
DA:46,1
DA:47,1
DA:48,4
DA:51,1
DA:52,1
DA:54,4
DA:56,1
DA:58,4
DA:61,0
DA:62,0
DA:63,0
DA:68,1
DA:69,1
DA:70,1
DA:71,1
DA:77,1
DA:80,1
DA:82,0
DA:83,1
DA:85,1
DA:87,1
DA:88,3
DA:95,1
DA:96,1
DA:98,4
DA:103,1
DA:105,4
DA:108,1
DA:109,1
DA:110,1
DA:111,2
DA:118,1
DA:119,1
DA:120,1
DA:121,3
DA:125,1
DA:126,1
DA:127,3
DA:130,1
DA:131,1
DA:132,0
DA:133,0
DA:134,0
LF:59
LH:52
end_of_record
SF:lib\screens\main_ui\add_post.dart
DA:12,1
DA:14,0
DA:15,0
DA:23,0
DA:24,0
DA:26,0
DA:27,0
DA:28,0
DA:29,0
DA:30,0
DA:32,0
DA:33,0
DA:34,0
DA:35,0
DA:36,0
DA:37,0
DA:40,0
DA:42,0
DA:43,0
DA:44,0
DA:45,0
DA:46,0
DA:47,0
DA:50,0
DA:52,0
DA:53,0
DA:54,0
DA:63,0
DA:64,0
DA:65,0
DA:70,0
DA:71,0
DA:72,0
DA:77,0
DA:78,0
DA:79,0
DA:81,0
DA:82,0
DA:83,0
DA:85,0
DA:87,0
DA:90,0
DA:91,0
DA:93,0
DA:94,0
DA:95,0
DA:100,0
DA:101,0
DA:102,0
DA:106,0
DA:108,0
DA:109,0
DA:112,0
DA:114,0
DA:115,0
DA:116,0
DA:117,0
DA:121,0
DA:124,0
DA:125,0
DA:127,0
DA:129,0
DA:132,0
DA:133,0
DA:134,0
DA:135,0
DA:136,0
DA:137,0
DA:139,0
DA:140,0
DA:151,0
DA:152,0
DA:153,0
DA:157,0
DA:159,0
DA:160,0
DA:162,0
DA:163,0
DA:164,0
DA:168,0
DA:169,0
DA:177,0
DA:179,0
DA:180,0
DA:181,0
DA:184,0
DA:187,0
DA:189,0
DA:190,0
DA:191,0
DA:192,0
LF:91
LH:1
end_of_record
SF:lib\screens\main_ui\feed.dart
DA:7,1
DA:9,1
DA:10,1
DA:15,1
DA:16,2
DA:17,1
DA:18,1
DA:19,1
DA:20,2
DA:24,1
DA:26,1
DA:27,1
DA:29,1
DA:34,1
DA:35,1
DA:39,1
DA:45,1
DA:46,1
DA:47,1
DA:48,1
DA:49,1
DA:51,1
DA:52,1
DA:53,1
DA:55,1
DA:56,1
DA:57,1
DA:85,1
DA:87,1
DA:118,1
DA:120,1
DA:151,1
DA:153,1
DA:184,1
DA:186,1
DA:217,1
DA:219,1
DA:247,1
DA:248,1
DA:249,1
DA:255,1
DA:273,1
DA:274,1
DA:275,1
DA:276,1
DA:278,1
DA:279,1
DA:280,1
DA:282,1
DA:283,0
DA:284,1
DA:286,1
DA:287,1
DA:295,1
DA:304,1
DA:310,1
DA:311,1
DA:316,1
DA:317,1
DA:319,1
DA:322,1
DA:325,1
DA:328,2
DA:333,0
DA:334,0
DA:336,0
DA:338,0
LF:67
LH:62
end_of_record
SF:lib\screens\sign_up\sign_up_form.dart
DA:14,0
DA:16,0
DA:17,0
DA:32,0
DA:34,0
DA:35,0
DA:36,0
DA:37,0
DA:40,0
DA:43,0
DA:45,0
DA:46,0
DA:47,0
DA:50,0
DA:51,0
DA:52,0
DA:55,0
DA:56,0
DA:57,0
DA:62,0
DA:64,0
DA:65,0
DA:69,0
DA:70,0
DA:72,0
DA:73,0
DA:77,0
DA:79,0
DA:80,0
DA:84,0
DA:85,0
DA:86,0
DA:87,0
DA:88,0
DA:90,0
DA:91,0
DA:92,0
DA:95,0
DA:96,0
DA:97,0
DA:98,0
DA:99,0
DA:102,0
DA:103,0
DA:106,0
DA:107,0
DA:111,0
DA:113,0
DA:114,0
DA:117,0
DA:119,0
DA:121,0
DA:122,0
DA:125,0
DA:126,0
DA:130,0
DA:131,0
DA:132,0
DA:133,0
DA:135,0
DA:147,0
DA:150,0
DA:151,0
DA:163,0
DA:164,0
DA:165,0
DA:166,0
DA:167,0
DA:168,0
DA:170,0
DA:171,0
DA:173,0
DA:174,0
DA:183,0
DA:184,0
DA:185,0
DA:186,0
DA:187,0
DA:188,0
DA:189,0
DA:191,0
DA:192,0
DA:194,0
DA:195,0
DA:198,0
DA:199,0
DA:200,0
DA:203,0
DA:204,0
DA:205,0
DA:215,0
DA:216,0
DA:217,0
DA:218,0
DA:219,0
DA:220,0
DA:221,0
DA:223,0
DA:224,0
DA:226,0
DA:227,0
DA:230,0
DA:231,0
DA:232,0
DA:235,0
DA:236,0
DA:237,0
DA:247,0
DA:250,0
DA:251,0
DA:255,0
DA:256,0
DA:257,0
DA:258,0
DA:260,0
DA:261,0
DA:262,0
DA:263,0
DA:266,0
DA:267,0
DA:271,0
DA:272,0
DA:273,0
DA:280,0
DA:282,0
LF:125
LH:0
end_of_record
SF:lib\screens\sign_up\sign_up_methods.dart
DA:12,1
DA:14,1
DA:15,1
DA:20,1
DA:21,1
DA:31,1
DA:37,2
DA:41,1
DA:43,2
DA:44,5
DA:45,2
DA:46,5
DA:52,1
DA:55,1
DA:56,2
DA:59,2
DA:60,0
DA:61,0
DA:64,3
DA:65,2
DA:66,4
DA:71,1
DA:74,1
DA:75,2
DA:76,2
DA:79,1
DA:80,3
DA:81,5
DA:84,1
DA:86,1
DA:87,1
DA:88,1
DA:90,1
DA:91,2
DA:92,1
DA:93,1
DA:95,1
DA:97,2
DA:99,1
DA:101,1
DA:109,1
DA:116,1
DA:117,1
DA:120,1
DA:121,1
DA:122,1
DA:126,1
DA:127,4
DA:128,4
DA:131,1
DA:134,1
DA:135,1
DA:136,1
DA:137,1
DA:138,1
DA:139,1
DA:141,1
DA:142,1
DA:143,1
DA:145,0
DA:155,1
DA:156,1
DA:162,1
DA:165,3
DA:166,1
DA:167,1
DA:170,1
DA:174,1
DA:177,1
DA:183,1
DA:185,1
DA:186,3
DA:189,1
DA:191,1
DA:194,1
DA:195,1
DA:199,1
DA:200,1
DA:201,3
DA:208,1
DA:209,1
DA:210,1
DA:212,1
DA:214,1
DA:215,1
DA:216,3
DA:217,1
DA:218,2
DA:220,1
DA:221,2
DA:223,1
DA:224,2
DA:231,1
DA:234,1
DA:236,1
DA:240,1
DA:241,1
DA:242,1
DA:243,3
DA:245,1
DA:246,1
DA:247,1
DA:248,1
DA:249,1
DA:250,2
DA:251,3
DA:252,1
DA:258,1
DA:259,3
DA:272,1
DA:273,1
DA:275,1
DA:276,3
DA:280,1
DA:281,1
DA:282,3
DA:285,1
DA:286,1
DA:287,0
DA:288,0
DA:289,0
LF:121
LH:115
end_of_record
SF:lib\screens\sign_up\verify.dart
DA:12,1
DA:17,1
DA:18,1
DA:25,1
DA:26,2
DA:27,6
DA:30,0
DA:31,0
DA:34,1
DA:37,1
DA:38,2
DA:41,1
DA:44,1
DA:45,3
DA:46,2
DA:47,4
DA:52,1
DA:54,1
DA:56,1
DA:57,1
DA:58,1
DA:59,1
DA:61,1
DA:69,1
DA:70,1
DA:71,1
DA:72,1
DA:74,1
DA:75,3
DA:79,4
DA:81,1
DA:83,1
DA:84,2
DA:89,1
DA:97,1
DA:98,3
DA:101,1
DA:102,1
DA:103,0
DA:104,0
DA:117,1
DA:119,1
DA:121,1
DA:122,1
DA:124,1
DA:125,1
DA:126,3
DA:127,1
DA:128,2
DA:130,1
DA:131,2
DA:133,1
DA:134,2
DA:141,1
DA:144,1
DA:145,1
DA:149,1
DA:150,1
DA:151,1
DA:152,0
DA:153,0
DA:154,0
DA:155,0
DA:156,0
DA:157,0
DA:161,0
DA:162,0
DA:166,1
DA:167,3
LF:69
LH:57
end_of_record
